# JRE version: OpenJDK Runtime Environment (8.0_152-b01) (build 1.8.0_152-release-1024-b01)
# Java VM: OpenJDK 64-Bit Server VM (25.152-b01 mixed mode bsd-amd64 compressed oops)
Heap:
 PSYoungGen      total 25088K, used 10436K [0x0000000795580000, 0x0000000797680000, 0x00000007c0000000)
  eden space 24576K, 40% used [0x0000000795580000,0x0000000795f319e8,0x0000000796d80000)
  from space 512K, 99% used [0x0000000797600000,0x000000079767f970,0x0000000797680000)
  to   space 1024K, 0% used [0x0000000797480000,0x0000000797480000,0x0000000797580000)
 ParOldGen       total 46592K, used 9205K [0x0000000740000000, 0x0000000742d80000, 0x0000000795580000)
  object space 46592K, 19% used [0x0000000740000000,0x00000007408fd698,0x0000000742d80000)
 Metaspace       used 25995K, capacity 26316K, committed 26624K, reserved 1073152K
  class space    used 2954K, capacity 3064K, committed 3072K, reserved 1048576K
GC Heap History (10 events):
Event: 44091.608 GC heap before
{Heap before GC invocations=83 (full 1):
 PSYoungGen      total 25088K, used 24864K [0x0000000795580000, 0x0000000797680000, 0x00000007c0000000)
  eden space 24576K, 100% used [0x0000000795580000,0x0000000796d80000,0x0000000796d80000)
  from space 512K, 56% used [0x0000000797580000,0x00000007975c8000,0x0000000797600000)
  to   space 512K, 0% used [0x0000000797600000,0x0000000797600000,0x0000000797680000)
 ParOldGen       total 46592K, used 8935K [0x0000000740000000, 0x0000000742d80000, 0x0000000795580000)
  object space 46592K, 19% used [0x0000000740000000,0x00000007408b9f48,0x0000000742d80000)
 Metaspace       used 25923K, capacity 26252K, committed 26368K, reserved 1073152K
  class space    used 2950K, capacity 3064K, committed 3072K, reserved 1048576K
Event: 44091.611 GC heap after
Heap after GC invocations=83 (full 1):
 PSYoungGen      total 25088K, used 288K [0x0000000795580000, 0x0000000797680000, 0x00000007c0000000)
  eden space 24576K, 0% used [0x0000000795580000,0x0000000795580000,0x0000000796d80000)
  from space 512K, 56% used [0x0000000797600000,0x0000000797648000,0x0000000797680000)
  to   space 512K, 0% used [0x0000000797580000,0x0000000797580000,0x0000000797600000)
 ParOldGen       total 46592K, used 8935K [0x0000000740000000, 0x0000000742d80000, 0x0000000795580000)
  object space 46592K, 19% used [0x0000000740000000,0x00000007408b9f48,0x0000000742d80000)
 Metaspace       used 25923K, capacity 26252K, committed 26368K, reserved 1073152K
  class space    used 2950K, capacity 3064K, committed 3072K, reserved 1048576K
}
Event: 44595.537 GC heap before
{Heap before GC invocations=84 (full 1):
 PSYoungGen      total 25088K, used 24864K [0x0000000795580000, 0x0000000797680000, 0x00000007c0000000)
  eden space 24576K, 100% used [0x0000000795580000,0x0000000796d80000,0x0000000796d80000)
  from space 512K, 56% used [0x0000000797600000,0x0000000797648000,0x0000000797680000)
  to   space 512K, 0% used [0x0000000797580000,0x0000000797580000,0x0000000797600000)
 ParOldGen       total 46592K, used 8935K [0x0000000740000000, 0x0000000742d80000, 0x0000000795580000)
  object space 46592K, 19% used [0x0000000740000000,0x00000007408b9f48,0x0000000742d80000)
 Metaspace       used 25923K, capacity 26252K, committed 26368K, reserved 1073152K
  class space    used 2950K, capacity 3064K, committed 3072K, reserved 1048576K
Event: 44595.540 GC heap after
Heap after GC invocations=84 (full 1):
 PSYoungGen      total 25088K, used 288K [0x0000000795580000, 0x0000000797680000, 0x00000007c0000000)
  eden space 24576K, 0% used [0x0000000795580000,0x0000000795580000,0x0000000796d80000)
  from space 512K, 56% used [0x0000000797580000,0x00000007975c8000,0x0000000797600000)
  to   space 512K, 0% used [0x0000000797600000,0x0000000797600000,0x0000000797680000)
 ParOldGen       total 46592K, used 8935K [0x0000000740000000, 0x0000000742d80000, 0x0000000795580000)
  object space 46592K, 19% used [0x0000000740000000,0x00000007408b9f48,0x0000000742d80000)
 Metaspace       used 25923K, capacity 26252K, committed 26368K, reserved 1073152K
  class space    used 2950K, capacity 3064K, committed 3072K, reserved 1048576K
}
Event: 45082.802 GC heap before
{Heap before GC invocations=85 (full 1):
 PSYoungGen      total 25088K, used 24864K [0x0000000795580000, 0x0000000797680000, 0x00000007c0000000)
  eden space 24576K, 100% used [0x0000000795580000,0x0000000796d80000,0x0000000796d80000)
  from space 512K, 56% used [0x0000000797580000,0x00000007975c8000,0x0000000797600000)
  to   space 512K, 0% used [0x0000000797600000,0x0000000797600000,0x0000000797680000)
 ParOldGen       total 46592K, used 8935K [0x0000000740000000, 0x0000000742d80000, 0x0000000795580000)
  object space 46592K, 19% used [0x0000000740000000,0x00000007408b9f48,0x0000000742d80000)
 Metaspace       used 25923K, capacity 26252K, committed 26368K, reserved 1073152K
  class space    used 2950K, capacity 3064K, committed 3072K, reserved 1048576K
Event: 45082.823 GC heap after
Heap after GC invocations=85 (full 1):
 PSYoungGen      total 25088K, used 288K [0x0000000795580000, 0x0000000797680000, 0x00000007c0000000)
  eden space 24576K, 0% used [0x0000000795580000,0x0000000795580000,0x0000000796d80000)
  from space 512K, 56% used [0x0000000797600000,0x0000000797648000,0x0000000797680000)
  to   space 512K, 0% used [0x0000000797580000,0x0000000797580000,0x0000000797600000)
 ParOldGen       total 46592K, used 8935K [0x0000000740000000, 0x0000000742d80000, 0x0000000795580000)
  object space 46592K, 19% used [0x0000000740000000,0x00000007408b9f48,0x0000000742d80000)
 Metaspace       used 25923K, capacity 26252K, committed 26368K, reserved 1073152K
  class space    used 2950K, capacity 3064K, committed 3072K, reserved 1048576K
}
Event: 45573.108 GC heap before
{Heap before GC invocations=86 (full 1):
 PSYoungGen      total 25088K, used 24864K [0x0000000795580000, 0x0000000797680000, 0x00000007c0000000)
  eden space 24576K, 100% used [0x0000000795580000,0x0000000796d80000,0x0000000796d80000)
  from space 512K, 56% used [0x0000000797600000,0x0000000797648000,0x0000000797680000)
  to   space 512K, 0% used [0x0000000797580000,0x0000000797580000,0x0000000797600000)
 ParOldGen       total 46592K, used 8935K [0x0000000740000000, 0x0000000742d80000, 0x0000000795580000)
  object space 46592K, 19% used [0x0000000740000000,0x00000007408b9f48,0x0000000742d80000)
 Metaspace       used 25923K, capacity 26252K, committed 26368K, reserved 1073152K
  class space    used 2950K, capacity 3064K, committed 3072K, reserved 1048576K
Event: 45573.111 GC heap after
Heap after GC invocations=86 (full 1):
 PSYoungGen      total 25088K, used 256K [0x0000000795580000, 0x0000000797680000, 0x00000007c0000000)
  eden space 24576K, 0% used [0x0000000795580000,0x0000000795580000,0x0000000796d80000)
  from space 512K, 50% used [0x0000000797580000,0x00000007975c0000,0x0000000797600000)
  to   space 512K, 0% used [0x0000000797600000,0x0000000797600000,0x0000000797680000)
 ParOldGen       total 46592K, used 8935K [0x0000000740000000, 0x0000000742d80000, 0x0000000795580000)
  object space 46592K, 19% used [0x0000000740000000,0x00000007408b9f48,0x0000000742d80000)
 Metaspace       used 25923K, capacity 26252K, committed 26368K, reserved 1073152K
  class space    used 2950K, capacity 3064K, committed 3072K, reserved 1048576K
}
Event: 46018.726 GC heap before
{Heap before GC invocations=87 (full 1):
 PSYoungGen      total 25088K, used 24832K [0x0000000795580000, 0x0000000797680000, 0x00000007c0000000)
  eden space 24576K, 100% used [0x0000000795580000,0x0000000796d80000,0x0000000796d80000)
  from space 512K, 50% used [0x0000000797580000,0x00000007975c0000,0x0000000797600000)
  to   space 512K, 0% used [0x0000000797600000,0x0000000797600000,0x0000000797680000)
 ParOldGen       total 46592K, used 8935K [0x0000000740000000, 0x0000000742d80000, 0x0000000795580000)
  object space 46592K, 19% used [0x0000000740000000,0x00000007408b9f48,0x0000000742d80000)
 Metaspace       used 25971K, capacity 26252K, committed 26368K, reserved 1073152K
  class space    used 2952K, capacity 3064K, committed 3072K, reserved 1048576K
Event: 46018.730 GC heap after
Heap after GC invocations=87 (full 1):
 PSYoungGen      total 25088K, used 510K [0x0000000795580000, 0x0000000797680000, 0x00000007c0000000)
  eden space 24576K, 0% used [0x0000000795580000,0x0000000795580000,0x0000000796d80000)
  from space 512K, 99% used [0x0000000797600000,0x000000079767f970,0x0000000797680000)
  to   space 1024K, 0% used [0x0000000797480000,0x0000000797480000,0x0000000797580000)
 ParOldGen       total 46592K, used 9205K [0x0000000740000000, 0x0000000742d80000, 0x0000000795580000)
  object space 46592K, 19% used [0x0000000740000000,0x00000007408fd698,0x0000000742d80000)
 Metaspace       used 25971K, capacity 26252K, committed 26368K, reserved 1073152K
  class space    used 2952K, capacity 3064K, committed 3072K, reserved 1048576K
}

